01:04:28 **** Incremental Build of configuration Debug for project shdata ****
Info: Internal Builder is used for build
gcc -shared -o shdata.dll _parser.o _logger.o _loader.o _hashtable.o SHPlayer.o SHDice.o SHCharacter.o SHArea.o 
Info: Nothing to build for shdata
Info: Nothing to build for shclient
Info: Nothing to build for shserver
Info: Nothing to build for shupdate
Info: Nothing to build for shvfs
Info: Nothing to build for shdata
Info: Nothing to build for shclient
Info: Nothing to build for shserver
Info: Nothing to build for shupdate
Info: Nothing to build for shvfs
10:21:27 **** Incremental Build of configuration Debug for project shdata ****
Info: Internal Builder is used for build
gcc -O0 -g3 -Wall -c -fmessage-length=0 -o _tree.o "..\\_tree.c" 
gcc -O0 -g3 -Wall -c -fmessage-length=0 -o _logger.o "..\\_logger.c" 
gcc -O0 -g3 -Wall -c -fmessage-length=0 -o _hashtable.o "..\\_hashtable.c" 
gcc -O0 -g3 -Wall -c -fmessage-length=0 -o SHCharacter.o "..\\SHCharacter.c" 
gcc -O0 -g3 -Wall -c -fmessage-length=0 -o SHPlayer.o "..\\SHPlayer.c" 
gcc -O0 -g3 -Wall -c -fmessage-length=0 -o SHDice.o "..\\SHDice.c" 
gcc -shared -o shdata.dll _tree.o _parser.o _logger.o _loader.o _hashtable.o SHPlayer.o SHDice.o SHCharacter.o SHArea.o 
10:21:35 **** Incremental Build of configuration Debug for project shclient ****
Info: Internal Builder is used for build
gcc "-IC:\\Users\\Emmanuel\\Documents\\GitHub\\shgame\\shdata" "-IC:\\Users\\Emmanuel\\Documents\\Programmation\\SDL\\fichiers\\SDL-1.2.15\\include" "-IC:\\Users\\Emmanuel\\Documents\\GitHub\\shgame\\shdata" -O0 -g3 -Wall -c -fmessage-length=0 -o _loader.o "..\\_loader.c" 
gcc "-LC:\\Users\\Emmanuel\\Documents\\GitHub\\shgame\\shdata\\Debug" "-LC:\\Users\\Emmanuel\\Documents\\Programmation\\SDL\\fichiers\\SDL_image-devel-1.2.12-VC\\SDL_image-1.2.12\\lib" "-LC:\\Users\\Emmanuel\\Documents\\GitHub\\shgame\\shdata\\Debug" -Wl,-subsystem,windows -o SHClient.exe main.o _textfield.o _surface.o _loader.o _color.o -lshdata -lmingw32 -lSDLmain -lSDL -lSDL_image 
Info: Nothing to build for shserver
Info: Nothing to build for shupdate
Info: Nothing to build for shvfs
10:39:53 **** Incremental Build of configuration Debug for project shdata ****
Info: Internal Builder is used for build
gcc -O0 -g3 -Wall -c -fmessage-length=0 -o _hashtable.o "..\\_hashtable.c" 
gcc -O0 -g3 -Wall -c -fmessage-length=0 -o SHPlayer.o "..\\SHPlayer.c" 
gcc -O0 -g3 -Wall -c -fmessage-length=0 -o _logger.o "..\\_logger.c" 
gcc -O0 -g3 -Wall -c -fmessage-length=0 -o SHCharacter.o "..\\SHCharacter.c" 
gcc -O0 -g3 -Wall -c -fmessage-length=0 -o _tree.o "..\\_tree.c" 
..\_tree.c:9: erreur: expected '=', ',', ';', 'asm' or '__attribute__' before '*' token
..\_tree.c:24: erreur: expected ')' before '*' token
..\_tree.c:29: erreur: expected ')' before '*' token
..\_tree.c:34: erreur: expected ')' before '*' token
Info: Nothing to build for shclient
Info: Nothing to build for shserver
Info: Nothing to build for shupdate
Info: Nothing to build for shvfs
10:40:16 **** Incremental Build of configuration Debug for project shdata ****
Info: Internal Builder is used for build
gcc -O0 -g3 -Wall -c -fmessage-length=0 -o _tree.o "..\\_tree.c" 
..\_tree.c:11: erreur: conflicting types for 'NewNode'
..\/shdata.h:134: note: previous declaration of 'NewNode' was here
..\_tree.c: In function 'NewNode':
..\_tree.c:12: attention : implicit declaration of function 'malloc'
..\_tree.c:12: attention : incompatible implicit declaration of built-in function 'malloc'
..\_tree.c:15: attention : implicit declaration of function 'strcpy'
..\_tree.c:15: attention : incompatible implicit declaration of built-in function 'strcpy'
..\_tree.c: In function 'DestroyNode':
..\_tree.c:37: attention : implicit declaration of function 'free'
..\_tree.c:37: attention : incompatible implicit declaration of built-in function 'free'
Info: Nothing to build for shclient
Info: Nothing to build for shserver
Info: Nothing to build for shupdate
Info: Nothing to build for shvfs
10:40:28 **** Incremental Build of configuration Debug for project shdata ****
Info: Internal Builder is used for build
gcc -O0 -g3 -Wall -c -fmessage-length=0 -o SHDice.o "..\\SHDice.c" 
gcc -O0 -g3 -Wall -c -fmessage-length=0 -o _tree.o "..\\_tree.c" 
..\_tree.c:14: erreur: conflicting types for 'NewNode'
..\/shdata.h:134: note: previous declaration of 'NewNode' was here
Info: Nothing to build for shclient
Info: Nothing to build for shserver
Info: Nothing to build for shupdate
Info: Nothing to build for shvfs
10:40:47 **** Incremental Build of configuration Debug for project shdata ****
Info: Internal Builder is used for build
gcc -O0 -g3 -Wall -c -fmessage-length=0 -o SHPlayer.o "..\\SHPlayer.c" 
gcc -O0 -g3 -Wall -c -fmessage-length=0 -o SHDice.o "..\\SHDice.c" 
gcc -O0 -g3 -Wall -c -fmessage-length=0 -o _logger.o "..\\_logger.c" 
gcc -O0 -g3 -Wall -c -fmessage-length=0 -o _hashtable.o "..\\_hashtable.c" 
gcc -O0 -g3 -Wall -c -fmessage-length=0 -o _tree.o "..\\_tree.c" 
gcc -O0 -g3 -Wall -c -fmessage-length=0 -o SHCharacter.o "..\\SHCharacter.c" 
gcc -shared -o shdata.dll _tree.o _parser.o _logger.o _loader.o _hashtable.o SHPlayer.o SHDice.o SHCharacter.o SHArea.o 
Info: Nothing to build for shclient
Info: Nothing to build for shserver
Info: Nothing to build for shupdate
Info: Nothing to build for shvfs
10:51:14 **** Incremental Build of configuration Debug for project shdata ****
Info: Internal Builder is used for build
gcc -O0 -g3 -Wall -c -fmessage-length=0 -o SHCharacter.o "..\\SHCharacter.c" 
gcc -O0 -g3 -Wall -c -fmessage-length=0 -o _hashtable.o "..\\_hashtable.c" 
gcc -O0 -g3 -Wall -c -fmessage-length=0 -o _tree.o "..\\_tree.c" 
gcc -O0 -g3 -Wall -c -fmessage-length=0 -o _loader.o "..\\_loader.c" 
gcc -O0 -g3 -Wall -c -fmessage-length=0 -o _logger.o "..\\_logger.c" 
gcc -O0 -g3 -Wall -c -fmessage-length=0 -o SHDice.o "..\\SHDice.c" 
gcc -O0 -g3 -Wall -c -fmessage-length=0 -o SHPlayer.o "..\\SHPlayer.c" 
gcc -shared -o shdata.dll _tree.o _parser.o _logger.o _loader.o _hashtable.o SHPlayer.o SHDice.o SHCharacter.o SHArea.o 
Info: Nothing to build for shclient
Info: Nothing to build for shserver
Info: Nothing to build for shupdate
Info: Nothing to build for shvfs
Info: Nothing to build for shdata
Info: Nothing to build for shclient
Info: Nothing to build for shserver
Info: Nothing to build for shupdate
Info: Nothing to build for shvfs
12:11:07 **** Incremental Build of configuration Debug for project shdata ****
Info: Internal Builder is used for build
gcc -O0 -g3 -Wall -c -fmessage-length=0 -o _loader.o "..\\_loader.c" 
gcc -O0 -g3 -Wall -c -fmessage-length=0 -o SHCharacter.o "..\\SHCharacter.c" 
gcc -O0 -g3 -Wall -c -fmessage-length=0 -o SHDice.o "..\\SHDice.c" 
gcc -O0 -g3 -Wall -c -fmessage-length=0 -o _hashtable.o "..\\_hashtable.c" 
gcc -O0 -g3 -Wall -c -fmessage-length=0 -o _tree.o "..\\_tree.c" 
gcc -O0 -g3 -Wall -c -fmessage-length=0 -o SHPlayer.o "..\\SHPlayer.c" 
gcc -O0 -g3 -Wall -c -fmessage-length=0 -o _logger.o "..\\_logger.c" 
gcc -shared -o shdata.dll _tree.o _parser.o _logger.o _loader.o _hashtable.o SHPlayer.o SHDice.o SHCharacter.o SHArea.o 
12:11:13 **** Incremental Build of configuration Debug for project shclient ****
Info: Internal Builder is used for build
gcc "-IC:\\Users\\Emmanuel\\Documents\\GitHub\\shgame\\shdata" "-IC:\\Users\\Emmanuel\\Documents\\Programmation\\SDL\\fichiers\\SDL-1.2.15\\include" "-IC:\\Users\\Emmanuel\\Documents\\GitHub\\shgame\\shdata" -O0 -g3 -Wall -c -fmessage-length=0 -o _loader.o "..\\_loader.c" 
..\_loader.c:17: erreur: expected '=', ',', ';', 'asm' or '__attribute__' before '*' token
..\_loader.c:22: erreur: expected '=', ',', ';', 'asm' or '__attribute__' before '*' token
Info: Nothing to build for shserver
Info: Nothing to build for shupdate
Info: Nothing to build for shvfs
Info: Nothing to build for shdata
12:48:02 **** Incremental Build of configuration Debug for project shclient ****
Info: Internal Builder is used for build
gcc "-IC:\\Users\\Emmanuel\\Documents\\GitHub\\shgame\\shdata" "-IC:\\Users\\Emmanuel\\Documents\\Programmation\\SDL\\fichiers\\SDL-1.2.15\\include" "-IC:\\Users\\Emmanuel\\Documents\\GitHub\\shgame\\shdata" -O0 -g3 -Wall -c -fmessage-length=0 -o _loader.o "..\\_loader.c" 
..\_loader.c:18: erreur: expected '=', ',', ';', 'asm' or '__attribute__' before '*' token
..\_loader.c:23: erreur: expected '=', ',', ';', 'asm' or '__attribute__' before '*' token
Info: Nothing to build for shserver
Info: Nothing to build for shupdate
Info: Nothing to build for shvfs
Info: Nothing to build for shdata
12:49:08 **** Incremental Build of configuration Debug for project shclient ****
Info: Internal Builder is used for build
gcc "-IC:\\Users\\Emmanuel\\Documents\\GitHub\\shgame\\shdata" "-IC:\\Users\\Emmanuel\\Documents\\Programmation\\SDL\\fichiers\\SDL-1.2.15\\include" "-IC:\\Users\\Emmanuel\\Documents\\GitHub\\shgame\\shdata" -O0 -g3 -Wall -c -fmessage-length=0 -o _loader.o "..\\_loader.c" 
gcc "-LC:\\Users\\Emmanuel\\Documents\\GitHub\\shgame\\shdata\\Debug" "-LC:\\Users\\Emmanuel\\Documents\\Programmation\\SDL\\fichiers\\SDL_image-devel-1.2.12-VC\\SDL_image-1.2.12\\lib" "-LC:\\Users\\Emmanuel\\Documents\\GitHub\\shgame\\shdata\\Debug" -Wl,-subsystem,windows -o SHClient.exe main.o _textfield.o _surface.o _loader.o _color.o -lshdata -lmingw32 -lSDLmain -lSDL -lSDL_image 
Info: Nothing to build for shserver
Info: Nothing to build for shupdate
Info: Nothing to build for shvfs
12:51:18 **** Incremental Build of configuration Debug for project shdata ****
Info: Internal Builder is used for build
gcc -O0 -g3 -Wall -c -fmessage-length=0 -o SHCharacter.o "..\\SHCharacter.c" 
gcc -O0 -g3 -Wall -c -fmessage-length=0 -o _loader.o "..\\_loader.c" 
gcc -O0 -g3 -Wall -c -fmessage-length=0 -o SHDice.o "..\\SHDice.c" 
gcc -O0 -g3 -Wall -c -fmessage-length=0 -o _logger.o "..\\_logger.c" 
gcc -O0 -g3 -Wall -c -fmessage-length=0 -o _hashtable.o "..\\_hashtable.c" 
gcc -O0 -g3 -Wall -c -fmessage-length=0 -o _tree.o "..\\_tree.c" 
..\_tree.c:46: erreur: conflicting types for 'NewLeaf'
..\/shdata.h:141: note: previous declaration of 'NewLeaf' was here
Info: Nothing to build for shclient
Info: Nothing to build for shserver
Info: Nothing to build for shupdate
Info: Nothing to build for shvfs
12:52:02 **** Incremental Build of configuration Debug for project shdata ****
Info: Internal Builder is used for build
gcc -O0 -g3 -Wall -c -fmessage-length=0 -o _loader.o "..\\_loader.c" 
gcc -O0 -g3 -Wall -c -fmessage-length=0 -o _logger.o "..\\_logger.c" 
gcc -O0 -g3 -Wall -c -fmessage-length=0 -o SHCharacter.o "..\\SHCharacter.c" 
gcc -O0 -g3 -Wall -c -fmessage-length=0 -o SHDice.o "..\\SHDice.c" 
gcc -O0 -g3 -Wall -c -fmessage-length=0 -o _tree.o "..\\_tree.c" 
gcc -O0 -g3 -Wall -c -fmessage-length=0 -o _hashtable.o "..\\_hashtable.c" 
gcc -O0 -g3 -Wall -c -fmessage-length=0 -o SHPlayer.o "..\\SHPlayer.c" 
gcc -shared -o shdata.dll _tree.o _parser.o _logger.o _loader.o _hashtable.o SHPlayer.o SHDice.o SHCharacter.o SHArea.o 
Info: Nothing to build for shclient
Info: Nothing to build for shserver
Info: Nothing to build for shupdate
Info: Nothing to build for shvfs
12:54:07 **** Clean-only build of configuration Debug for project shclient ****
rm -rf _surface.d main.d SHClient.exe _surface.o _textfield.o _loader.d _loader.o _color.o _textfield.d main.o _color.d 
12:54:08 **** Clean-only build of configuration Debug for project shdata ****
rm -rf shdata.dll SHDice.d SHDice.o SHArea.o SHArea.d _loader.o _hashtable.o _loader.d _logger.o _logger.d _parser.d _tree.d _parser.o _tree.o _hashtable.d SHPlayer.o SHCharacter.d SHPlayer.d SHCharacter.o 
12:54:08 **** Clean-only build of configuration Debug for project shserver ****
rm -rf main.d SHServer.exe main.o 
12:54:09 **** Clean-only build of configuration Debug for project shvfs ****
rm -rf vfsdesc.d vfsdesc.o libshvfs.dll 
12:54:16 **** Rebuild of configuration Debug for project shdata ****
Info: Internal Builder is used for build
gcc -O0 -g3 -Wall -c -fmessage-length=0 -o SHDice.o "..\\SHDice.c" 
gcc -O0 -g3 -Wall -c -fmessage-length=0 -o _loader.o "..\\_loader.c" 
gcc -O0 -g3 -Wall -c -fmessage-length=0 -o SHArea.o "..\\SHArea.c" 
gcc -O0 -g3 -Wall -c -fmessage-length=0 -o _logger.o "..\\_logger.c" 
gcc -O0 -g3 -Wall -c -fmessage-length=0 -o SHPlayer.o "..\\SHPlayer.c" 
gcc -O0 -g3 -Wall -c -fmessage-length=0 -o _parser.o "..\\_parser.c" 
gcc -O0 -g3 -Wall -c -fmessage-length=0 -o _tree.o "..\\_tree.c" 
gcc -O0 -g3 -Wall -c -fmessage-length=0 -o SHCharacter.o "..\\SHCharacter.c" 
gcc -O0 -g3 -Wall -c -fmessage-length=0 -o _hashtable.o "..\\_hashtable.c" 
gcc -shared -o shdata.dll _tree.o _parser.o _logger.o _loader.o _hashtable.o SHPlayer.o SHDice.o SHCharacter.o SHArea.o 
12:54:22 **** Rebuild of configuration Debug for project shclient ****
Info: Internal Builder is used for build
gcc "-IC:\\Users\\Emmanuel\\Documents\\GitHub\\shgame\\shdata" "-IC:\\Users\\Emmanuel\\Documents\\Programmation\\SDL\\fichiers\\SDL-1.2.15\\include" "-IC:\\Users\\Emmanuel\\Documents\\GitHub\\shgame\\shdata" -O0 -g3 -Wall -c -fmessage-length=0 -o _color.o "..\\_color.c" 
gcc "-IC:\\Users\\Emmanuel\\Documents\\GitHub\\shgame\\shdata" "-IC:\\Users\\Emmanuel\\Documents\\Programmation\\SDL\\fichiers\\SDL-1.2.15\\include" "-IC:\\Users\\Emmanuel\\Documents\\GitHub\\shgame\\shdata" -O0 -g3 -Wall -c -fmessage-length=0 -o main.o "..\\main.c" 
gcc "-IC:\\Users\\Emmanuel\\Documents\\GitHub\\shgame\\shdata" "-IC:\\Users\\Emmanuel\\Documents\\Programmation\\SDL\\fichiers\\SDL-1.2.15\\include" "-IC:\\Users\\Emmanuel\\Documents\\GitHub\\shgame\\shdata" -O0 -g3 -Wall -c -fmessage-length=0 -o _loader.o "..\\_loader.c" 
gcc "-IC:\\Users\\Emmanuel\\Documents\\GitHub\\shgame\\shdata" "-IC:\\Users\\Emmanuel\\Documents\\Programmation\\SDL\\fichiers\\SDL-1.2.15\\include" "-IC:\\Users\\Emmanuel\\Documents\\GitHub\\shgame\\shdata" -O0 -g3 -Wall -c -fmessage-length=0 -o _surface.o "..\\_surface.c" 
gcc "-IC:\\Users\\Emmanuel\\Documents\\GitHub\\shgame\\shdata" "-IC:\\Users\\Emmanuel\\Documents\\Programmation\\SDL\\fichiers\\SDL-1.2.15\\include" "-IC:\\Users\\Emmanuel\\Documents\\GitHub\\shgame\\shdata" -O0 -g3 -Wall -c -fmessage-length=0 -o _textfield.o "..\\_textfield.c" 
gcc "-LC:\\Users\\Emmanuel\\Documents\\GitHub\\shgame\\shdata\\Debug" "-LC:\\Users\\Emmanuel\\Documents\\Programmation\\SDL\\fichiers\\SDL_image-devel-1.2.12-VC\\SDL_image-1.2.12\\lib" "-LC:\\Users\\Emmanuel\\Documents\\GitHub\\shgame\\shdata\\Debug" -Wl,-subsystem,windows -o SHClient.exe main.o _textfield.o _surface.o _loader.o _color.o -lshdata -lmingw32 -lSDLmain -lSDL -lSDL_image 
12:54:27 **** Rebuild of configuration Debug for project shserver ****
Info: Internal Builder is used for build
gcc "-IC:\\Users\\Emmanuel\\Documents\\Programmation\\ShadowHunters\\dev\\shdata" -O0 -g3 -Wall -c -fmessage-length=0 -o main.o "..\\main.c" 
gcc "-LC:\\Users\\Emmanuel\\Documents\\GitHub\\shgame\\shdata\\Debug" -o SHServer.exe main.o -lshdata 
Info: Nothing to build for shupdate
12:54:29 **** Rebuild of configuration Debug for project shvfs ****
Info: Internal Builder is used for build
gcc -O0 -g3 -Wall -c -fmessage-length=0 -o vfsdesc.o "..\\vfsdesc.c" 
gcc -shared -o libshvfs.dll vfsdesc.o 
